<?xml version="1.0" encoding="UTF-8"?>
<!-- Generated by org.testng.reporters.JUnitXMLReporter -->
<testsuite ignored="0" hostname="lapn222301" failures="1" tests="2" name="Testng2" time="12.992" errors="0" timestamp="2023-10-05T23:23:46 IST">
  <testcase classname="MVNprojects.testng2$Testng" name="getTitle" time="0.008">
    <failure type="java.lang.NullPointerException" message="Cannot invoke &amp;quot;org.openqa.selenium.WebDriver.getTitle()&amp;quot; because &amp;quot;this.driver&amp;quot; is null">
      <![CDATA[java.lang.NullPointerException: Cannot invoke "org.openqa.selenium.WebDriver.getTitle()" because "this.driver" is null
at MVNprojects.testng2$Testng.getTitle(testng2.java:36)
at java.base/java.util.ArrayList.forEach(ArrayList.java:1511)
... Removed 27 stack frames]]>
    </failure>
  </testcase> <!-- getTitle -->
  <testcase classname="MVNprojects.testng2$Testng" name="lauchbrowser" time="12.942"/>
</testsuite> <!-- Testng2 -->
