<?xml version="1.0" encoding="UTF-8"?>
<testsuite xmlns:xsi="http://www.w3.org/2001/XMLSchema-instance" xsi:noNamespaceSchemaLocation="https://maven.apache.org/surefire/maven-surefire-plugin/xsd/surefire-test-report.xsd" name="TestSuite" time="8.071" tests="2" errors="0" skipped="0" failures="0">
  <properties>
[...]
</properties>
  <testcase name="getTitle" classname="MVNprojects.Testng" time="0.007"/>
  <testcase name="shouldAnswerWithTrue" classname="mvnsecond.MVNproject.AppTest" time="0.002"/>
</testsuite>