<?xml version="1.0" encoding="UTF-8"?>
<testng-results ignored="0" total="2" passed="2" failed="0" skipped="0">
  <reporter-output>
  </reporter-output>
  <suite started-at="2024-04-08T18:35:08 IST" name="Surefire suite" finished-at="2024-04-08T18:35:15 IST" duration-ms="7522">
    <groups>
    </groups>
    <test started-at="2024-04-08T18:35:08 IST" name="Surefire test" finished-at="2024-04-08T18:35:15 IST" duration-ms="7522">
      <class name="MVNprojects.Testng">
        <test-method is-config="true" signature="lauchbrowser()[pri:0, instance:MVNprojects.Testng@1ba9117e]" started-at="2024-04-08T18:35:08 IST" name="lauchbrowser" finished-at="2024-04-08T18:35:14 IST" duration-ms="6435" status="PASS">
          <reporter-output>
          </reporter-output>
        </test-method> <!-- lauchbrowser -->
        <test-method signature="getTitle()[pri:0, instance:MVNprojects.Testng@1ba9117e]" started-at="2024-04-08T18:35:14 IST" name="getTitle" finished-at="2024-04-08T18:35:14 IST" duration-ms="7" status="PASS">
          <reporter-output>
          </reporter-output>
        </test-method> <!-- getTitle -->
        <test-method is-config="true" signature="closebrowser()[pri:0, instance:MVNprojects.Testng@1ba9117e]" started-at="2024-04-08T18:35:14 IST" name="closebrowser" finished-at="2024-04-08T18:35:15 IST" duration-ms="1039" status="PASS">
          <reporter-output>
          </reporter-output>
        </test-method> <!-- closebrowser -->
      </class> <!-- MVNprojects.Testng -->
      <class name="mvnsecond.MVNproject.AppTest">
        <test-method signature="shouldAnswerWithTrue()[pri:0, instance:mvnsecond.MVNproject.AppTest@1e6454ec]" started-at="2024-04-08T18:35:14 IST" name="shouldAnswerWithTrue" finished-at="2024-04-08T18:35:14 IST" duration-ms="1" status="PASS">
          <reporter-output>
          </reporter-output>
        </test-method> <!-- shouldAnswerWithTrue -->
      </class> <!-- mvnsecond.MVNproject.AppTest -->
    </test> <!-- Surefire test -->
  </suite> <!-- Surefire suite -->
</testng-results>
